<?xml version="1.0" encoding="UTF-8"?>
<testng-results skipped="0" failed="0" ignored="0" total="1" passed="1">
  <reporter-output>
  </reporter-output>
  <suite name="Default suite" duration-ms="51454" started-at="2020-10-02T10:41:29Z" finished-at="2020-10-02T10:42:20Z">
    <groups>
    </groups>
    <test name="Default test" duration-ms="51454" started-at="2020-10-02T10:41:29Z" finished-at="2020-10-02T10:42:20Z">
      <class name="testscripts.SnapDealSignupTest">
        <test-method status="PASS" signature="setUp()[pri:0, instance:testscripts.SnapDealSignupTest@d2cc05a]" name="setUp" is-config="true" duration-ms="15363" started-at="2020-10-02T10:41:29Z" finished-at="2020-10-02T10:41:44Z">
          <reporter-output>
          </reporter-output>
        </test-method> <!-- setUp -->
        <test-method status="PASS" signature="snapDealTest()[pri:0, instance:testscripts.SnapDealSignupTest@d2cc05a]" name="snapDealTest" duration-ms="35006" started-at="2020-10-02T10:41:44Z" finished-at="2020-10-02T10:42:19Z">
          <reporter-output>
          </reporter-output>
        </test-method> <!-- snapDealTest -->
        <test-method status="PASS" signature="tearDown()[pri:0, instance:testscripts.SnapDealSignupTest@d2cc05a]" name="tearDown" is-config="true" duration-ms="1026" started-at="2020-10-02T10:42:19Z" finished-at="2020-10-02T10:42:20Z">
          <reporter-output>
          </reporter-output>
        </test-method> <!-- tearDown -->
      </class> <!-- testscripts.SnapDealSignupTest -->
    </test> <!-- Default test -->
  </suite> <!-- Default suite -->
</testng-results>
